E:\SPEECHRES\RHYTHM-FMRI\MEXCOMMANDWRAPPER\MEXCOMMANDWRAPPER\DEBUG\MEXCOMMANDWRAPPER.ILK
E:\SPEECHRES\RHYTHM-FMRI\MEXCOMMANDWRAPPER\MEXCOMMANDWRAPPER\DEBUG\MEXCOMMANDWRAPPER.MEXW32
E:\SPEECHRES\RHYTHM-FMRI\MEXCOMMANDWRAPPER\MEXCOMMANDWRAPPER\DEBUG\MEXCOMMANDWRAPPER.PDB
E:\speechres\rhythm-fmri\mexCommandWrapper\mexCommandWrapper\mexCommandWrapper\Debug\cl.command.1.tlog
E:\speechres\rhythm-fmri\mexCommandWrapper\mexCommandWrapper\mexCommandWrapper\Debug\CL.read.1.tlog
E:\speechres\rhythm-fmri\mexCommandWrapper\mexCommandWrapper\mexCommandWrapper\Debug\CL.write.1.tlog
E:\SPEECHRES\RHYTHM-FMRI\MEXCOMMANDWRAPPER\MEXCOMMANDWRAPPER\MEXCOMMANDWRAPPER\DEBUG\DLLMAIN.OBJ
E:\speechres\rhythm-fmri\mexCommandWrapper\mexCommandWrapper\mexCommandWrapper\Debug\link.command.1.tlog
E:\speechres\rhythm-fmri\mexCommandWrapper\mexCommandWrapper\mexCommandWrapper\Debug\link.read.1.tlog
E:\speechres\rhythm-fmri\mexCommandWrapper\mexCommandWrapper\mexCommandWrapper\Debug\link.write.1.tlog
E:\speechres\rhythm-fmri\mexCommandWrapper\mexCommandWrapper\mexCommandWrapper\Debug\link-cvtres.read.1.tlog
E:\speechres\rhythm-fmri\mexCommandWrapper\mexCommandWrapper\mexCommandWrapper\Debug\link-cvtres.write.1.tlog
E:\SPEECHRES\RHYTHM-FMRI\MEXCOMMANDWRAPPER\MEXCOMMANDWRAPPER\MEXCOMMANDWRAPPER\DEBUG\MEXCOMMANDWRAPPER.DLL.EMBED.MANIFEST
E:\SPEECHRES\RHYTHM-FMRI\MEXCOMMANDWRAPPER\MEXCOMMANDWRAPPER\MEXCOMMANDWRAPPER\DEBUG\MEXCOMMANDWRAPPER.DLL.EMBED.MANIFEST.RES
E:\SPEECHRES\RHYTHM-FMRI\MEXCOMMANDWRAPPER\MEXCOMMANDWRAPPER\MEXCOMMANDWRAPPER\DEBUG\MEXCOMMANDWRAPPER.DLL.INTERMEDIATE.MANIFEST
E:\SPEECHRES\RHYTHM-FMRI\MEXCOMMANDWRAPPER\MEXCOMMANDWRAPPER\MEXCOMMANDWRAPPER\DEBUG\MEXCOMMANDWRAPPER.OBJ
E:\SPEECHRES\RHYTHM-FMRI\MEXCOMMANDWRAPPER\MEXCOMMANDWRAPPER\MEXCOMMANDWRAPPER\DEBUG\MEXCOMMANDWRAPPER.PCH
E:\speechres\rhythm-fmri\mexCommandWrapper\mexCommandWrapper\mexCommandWrapper\Debug\mexCommandWrapper_manifest.rc
E:\speechres\rhythm-fmri\mexCommandWrapper\mexCommandWrapper\mexCommandWrapper\Debug\mt.command.1.tlog
E:\speechres\rhythm-fmri\mexCommandWrapper\mexCommandWrapper\mexCommandWrapper\Debug\mt.read.1.tlog
E:\speechres\rhythm-fmri\mexCommandWrapper\mexCommandWrapper\mexCommandWrapper\Debug\mt.write.1.tlog
E:\speechres\rhythm-fmri\mexCommandWrapper\mexCommandWrapper\mexCommandWrapper\Debug\rc.command.1.tlog
E:\speechres\rhythm-fmri\mexCommandWrapper\mexCommandWrapper\mexCommandWrapper\Debug\rc.read.1.tlog
E:\speechres\rhythm-fmri\mexCommandWrapper\mexCommandWrapper\mexCommandWrapper\Debug\rc.write.1.tlog
E:\SPEECHRES\RHYTHM-FMRI\MEXCOMMANDWRAPPER\MEXCOMMANDWRAPPER\MEXCOMMANDWRAPPER\DEBUG\STDAFX.OBJ
E:\speechres\rhythm-fmri\mexCommandWrapper\mexCommandWrapper\mexCommandWrapper\Debug\vc100.idb
E:\SPEECHRES\RHYTHM-FMRI\MEXCOMMANDWRAPPER\MEXCOMMANDWRAPPER\MEXCOMMANDWRAPPER\DEBUG\VC100.PDB
