Build started 2/25/2013 1:04:56 PM.
     1>Project "E:\speechres\utils\mexCommandWrapper\mexCommandWrapper\mexCommandWrapper.vcxproj" on node 2 (build target(s)).
     1>InitializeBuildStatus:
         Creating "Debug\mexCommandWrapper.unsuccessfulbuild" because "AlwaysCreate" was specified.
       ClCompile:
         All outputs are up-to-date.
         All outputs are up-to-date.
         C:\Program Files\Microsoft Visual Studio 10.0\VC\bin\CL.exe /c /ZI /nologo /W3 /WX- /Od /Oy- /D MATLAB_MEX_FILE /D WIN32 /D _DEBUG /D _WINDOWS /D _USRDLL /D MEXCOMMANDWRAPPER_EXPORTS /D _WINDLL /D _UNICODE /D UNICODE /D _ATL_STATIC_REGISTRY /Gm /EHsc /RTC1 /MTd /GS /fp:precise /Zc:wchar_t /Zc:forScope /Fo"Debug\\" /Fd"Debug\vc100.pdb" /Gd /TP /analyze- /errorReport:prompt mexCommandWrapper.cpp /MT /export:mexFunction /dll
     1>cl : Command line warning D9025: overriding '/MTd' with '/MT'
     1>cl : Command line warning D9002: ignoring unknown option '/export:mexFunction'
     1>cl : Command line warning D9002: ignoring unknown option '/dll'
         mexCommandWrapper.cpp
     1>e:\speechres\utils\mexcommandwrapper\mexcommandwrapper\mexcommandwrapper.cpp(89): warning C4101: 'fgWinTitle' : unreferenced local variable
       ManifestResourceCompile:
         All outputs are up-to-date.
     1>C:\Program Files\MSBuild\Microsoft.Cpp\v4.0\Microsoft.CppBuild.targets(990,5): warning MSB8012: TargetPath(E:\speechres\utils\mexCommandWrapper\Debug\mexCommandWrapper.dll) does not match the Linker's OutputFile property value (E:\speechres\utils\mexCommandWrapper\Debug\mexCommandWrapper.mexw32). This may cause your project to build incorrectly. To correct this, please make sure that $(OutDir), $(TargetName) and $(TargetExt) property values match the value specified in %(Link.OutputFile).
     1>C:\Program Files\MSBuild\Microsoft.Cpp\v4.0\Microsoft.CppBuild.targets(991,5): warning MSB8012: TargetExt(.dll) does not match the Linker's OutputFile property value (.mexw32). This may cause your project to build incorrectly. To correct this, please make sure that $(OutDir), $(TargetName) and $(TargetExt) property values match the value specified in %(Link.OutputFile).
       Link:
         C:\Program Files\Microsoft Visual Studio 10.0\VC\bin\link.exe /ERRORREPORT:PROMPT /OUT:"E:\speechres\utils\mexCommandWrapper\Debug\mexCommandWrapper.mexw32" /INCREMENTAL /NOLOGO libmex.lib libmx.lib libmat.lib kernel32.lib user32.lib gdi32.lib winspool.lib comdlg32.lib advapi32.lib shell32.lib ole32.lib oleaut32.lib uuid.lib odbc32.lib odbccp32.lib /DEF:"E:\speechres\utils\mexCommandWrapper\mexCommandWrapper.def" /MANIFEST /ManifestFile:"Debug\mexCommandWrapper.dll.intermediate.manifest" /MANIFESTUAC:"level='asInvoker' uiAccess='false'" /DEBUG /PDB:"E:\speechres\utils\mexCommandWrapper\Debug\mexCommandWrapper.pdb" /SUBSYSTEM:WINDOWS /TLBID:1 /DYNAMICBASE /NXCOMPAT /IMPLIB:"E:\speechres\utils\mexCommandWrapper\Debug\mexCommandWrapper.lib" /MACHINE:X86 /DLL Debug\mexCommandWrapper.dll.embed.manifest.res
         Debug\dllmain.obj
         Debug\mexCommandWrapper.obj
         Debug\stdafx.obj
            Creating library E:\speechres\utils\mexCommandWrapper\Debug\mexCommandWrapper.lib and object E:\speechres\utils\mexCommandWrapper\Debug\mexCommandWrapper.exp
     1>LINK : warning LNK4232: name “mexCommandWrapper.mexw32” contains non-ASCII characters, DLL may not load on system with ANSI codepage other than 1252
     1>mexCommandWrapper.exp : warning LNK4070: /OUT:“mexCommandWrapper.mexw32” directive in .EXP differs from output filename 'E:\speechres\utils\mexCommandWrapper\Debug\mexCommandWrapper.mexw32'; ignoring directive
       Manifest:
         C:\Program Files\Microsoft SDKs\Windows\v7.0A\bin\mt.exe /nologo /verbose /out:"Debug\mexCommandWrapper.dll.embed.manifest" /manifest Debug\mexCommandWrapper.dll.intermediate.manifest "C:\Program Files\Microsoft Visual Studio 10.0\VC\Include\Manifest\dpiaware.manifest"
         All outputs are up-to-date.
       LinkEmbedManifest:
         All outputs are up-to-date.
         mexCommandWrapper.vcxproj -> E:\speechres\utils\mexCommandWrapper\Debug\mexCommandWrapper.dll
       FinalizeBuildStatus:
         Deleting file "Debug\mexCommandWrapper.unsuccessfulbuild".
         Touching "Debug\mexCommandWrapper.lastbuildstate".
     1>Done Building Project "E:\speechres\utils\mexCommandWrapper\mexCommandWrapper\mexCommandWrapper.vcxproj" (build target(s)).

Build succeeded.

Time Elapsed 00:00:01.70
