E:\SPEECHRES\RHYTHM-FMRI\MEXCOMMANDWRAPPER\MEXCOMMANDWRAPPER\MEXCOMMANDWRAPPER\RELEASE\DLLMAIN.OBJ
E:\SPEECHRES\RHYTHM-FMRI\MEXCOMMANDWRAPPER\MEXCOMMANDWRAPPER\MEXCOMMANDWRAPPER\RELEASE\MEXCOMMANDWRAPPER.DLL.INTERMEDIATE.MANIFEST
E:\SPEECHRES\RHYTHM-FMRI\MEXCOMMANDWRAPPER\MEXCOMMANDWRAPPER\MEXCOMMANDWRAPPER\RELEASE\MEXCOMMANDWRAPPER.OBJ
E:\SPEECHRES\RHYTHM-FMRI\MEXCOMMANDWRAPPER\MEXCOMMANDWRAPPER\MEXCOMMANDWRAPPER\RELEASE\MEXCOMMANDWRAPPER.PCH
E:\SPEECHRES\RHYTHM-FMRI\MEXCOMMANDWRAPPER\MEXCOMMANDWRAPPER\MEXCOMMANDWRAPPER\RELEASE\STDAFX.OBJ
E:\SPEECHRES\RHYTHM-FMRI\MEXCOMMANDWRAPPER\MEXCOMMANDWRAPPER\MEXCOMMANDWRAPPER\RELEASE\VC100.PDB
E:\speechres\rhythm-fmri\mexCommandWrapper\mexCommandWrapper\Release\mexCommandWrapper.exp
E:\speechres\rhythm-fmri\mexCommandWrapper\mexCommandWrapper\Release\mexCommandWrapper.lib
E:\SPEECHRES\RHYTHM-FMRI\MEXCOMMANDWRAPPER\MEXCOMMANDWRAPPER\RELEASE\MEXCOMMANDWRAPPER.MEXW32
E:\SPEECHRES\RHYTHM-FMRI\MEXCOMMANDWRAPPER\MEXCOMMANDWRAPPER\RELEASE\MEXCOMMANDWRAPPER.PDB
E:\speechres\utils\mexCommandWrapper\mexCommandWrapper\Release\cl.command.1.tlog
E:\speechres\utils\mexCommandWrapper\mexCommandWrapper\Release\CL.read.1.tlog
E:\speechres\utils\mexCommandWrapper\mexCommandWrapper\Release\CL.write.1.tlog
E:\speechres\utils\mexCommandWrapper\mexCommandWrapper\Release\dllmain.obj
E:\speechres\utils\mexCommandWrapper\mexCommandWrapper\Release\link.command.1.tlog
E:\speechres\utils\mexCommandWrapper\mexCommandWrapper\Release\link.read.1.tlog
E:\speechres\utils\mexCommandWrapper\mexCommandWrapper\Release\link.write.1.tlog
E:\speechres\utils\mexCommandWrapper\mexCommandWrapper\Release\mexCommandWrapper.dll.intermediate.manifest
E:\speechres\utils\mexCommandWrapper\mexCommandWrapper\Release\mexCommandWrapper.obj
E:\speechres\utils\mexCommandWrapper\mexCommandWrapper\Release\mexCommandWrapper.pch
E:\speechres\utils\mexCommandWrapper\mexCommandWrapper\Release\mexCommandWrapper.write.1.tlog
E:\speechres\utils\mexCommandWrapper\mexCommandWrapper\Release\mt.command.1.tlog
E:\speechres\utils\mexCommandWrapper\mexCommandWrapper\Release\mt.read.1.tlog
E:\speechres\utils\mexCommandWrapper\mexCommandWrapper\Release\mt.write.1.tlog
E:\speechres\utils\mexCommandWrapper\mexCommandWrapper\Release\stdafx.obj
E:\speechres\utils\mexCommandWrapper\mexCommandWrapper\Release\vc100.pdb
E:\speechres\utils\mexCommandWrapper\Release\mexCommandWrapper.pdb
